This is e-pTeX, Version 3.14159265-p3.7-160201-2.6 (utf8.euc) (TeX Live 2016) (preloaded format=platex 2016.10.18)  9 NOV 2016 23:30
entering extended mode
 restricted \write18 enabled.
 file:line:error style messages enabled.
 %&-line parsing enabled.
**problem002.tex
(./problem002.tex
pLaTeX2e <2016/09/08> (based on LaTeX2e <2016/03/31> patch level 3)
Babel <3.9r> and hyphenation patterns for 83 language(s) loaded.
(/usr/local/texlive/2016/texmf-dist/tex/platex/base/jarticle.cls
Document Class: jarticle 2006/06/27 v1.6 Standard pLaTeX class
\c@@paper=\count82
(/usr/local/texlive/2016/texmf-dist/tex/platex/base/jsize12.clo
File: jsize12.clo 2006/06/27 v1.6 Standard pLaTeX file (size option)
)
\c@part=\count83
\c@section=\count84
\c@subsection=\count85
\c@subsubsection=\count86
\c@paragraph=\count87
\c@subparagraph=\count88
\c@figure=\count89
\c@table=\count90
\abovecaptionskip=\skip41
\belowcaptionskip=\skip42
\symmincho=\mathgroup4
LaTeX Font Info:    Overwriting symbol font `mincho' in version `bold'
(Font)                  JY1/mc/m/n --> JY1/gt/m/n on input line 577.
\toclineskip=\dimen118
\@lnumwidth=\dimen119
\bibindent=\dimen120
\heisei=\count91
)
(./problem002.aux)
\openout1 = `problem002.aux'.

LaTeX Font Info:    Checking defaults for OML/cmm/m/it on input line 8.
LaTeX Font Info:    ... okay on input line 8.
LaTeX Font Info:    Checking defaults for T1/cmr/m/n on input line 8.
LaTeX Font Info:    ... okay on input line 8.
LaTeX Font Info:    Checking defaults for OT1/cmr/m/n on input line 8.
LaTeX Font Info:    ... okay on input line 8.
LaTeX Font Info:    Checking defaults for OMS/cmsy/m/n on input line 8.
LaTeX Font Info:    ... okay on input line 8.
LaTeX Font Info:    Checking defaults for OMX/cmex/m/n on input line 8.
LaTeX Font Info:    ... okay on input line 8.
LaTeX Font Info:    Checking defaults for U/cmr/m/n on input line 8.
LaTeX Font Info:    ... okay on input line 8.
LaTeX Font Info:    Checking defaults for JY1/mc/m/n on input line 8.
LaTeX Font Info:    ... okay on input line 8.
LaTeX Font Info:    Checking defaults for JT1/mc/m/n on input line 8.
LaTeX Font Info:    ... okay on input line 8.
LaTeX Font Info:    External font `cmex10' loaded for size
(Font)              <14.4> on input line 9.
LaTeX Font Info:    External font `cmex10' loaded for size
(Font)              <7> on input line 9.


LaTeX Warning: No \author given.

LaTeX Font Info:    Font shape `JT1/mc/bx/n' in size <17.28> not available
(Font)              Font shape `JT1/gt/m/n' tried instead on input line 11.
LaTeX Font Info:    Font shape `JY1/mc/bx/n' in size <17.28> not available
(Font)              Font shape `JY1/gt/m/n' tried instead on input line 11.
LaTeX Font Info:    External font `cmex10' loaded for size
(Font)              <12> on input line 12.
LaTeX Font Info:    External font `cmex10' loaded for size
(Font)              <8> on input line 12.
LaTeX Font Info:    External font `cmex10' loaded for size
(Font)              <6> on input line 12.
LaTeX Font Info:    External font `cmex10' loaded for size
(Font)              <5> on input line 44.
[1

] (./problem002.aux) ) 
Here is how much of TeX's memory you used:
 296 strings out of 493682
 3139 string characters out of 6149640
 61090 words of memory out of 5000000
 3938 multiletter control sequences out of 15000+600000
 14654 words of font info for 57 fonts, out of 8000000 for 9000
 929 hyphenation exceptions out of 8191
 23i,8n,19p,150b,227s stack positions out of 5000i,500n,10000p,200000b,80000s

Output written on problem002.dvi (1 page, 1688 bytes).
